<?xml version="1.0" encoding="UTF-8"?>
<testng-results skipped="0" failed="1" ignored="0" total="3" passed="2">
  <reporter-output>
  </reporter-output>
  <suite name="Default suite" duration-ms="60690" started-at="2019-12-29T07:10:04Z" finished-at="2019-12-29T07:11:05Z">
    <groups>
    </groups>
    <test name="Default test" duration-ms="60690" started-at="2019-12-29T07:10:04Z" finished-at="2019-12-29T07:11:05Z">
      <class name="com.myprjct.qa.testcases.LoginpageTest">
        <test-method status="PASS" signature="setup()[pri:0, instance:com.myprjct.qa.testcases.LoginpageTest@42d80b78]" name="setup" is-config="true" duration-ms="25990" started-at="2019-12-29T12:40:04Z" finished-at="2019-12-29T12:40:30Z">
          <reporter-output>
          </reporter-output>
        </test-method> <!-- setup -->
        <test-method status="FAIL" signature="loginPageTitleTest()[pri:1, instance:com.myprjct.qa.testcases.LoginpageTest@42d80b78]" name="loginPageTitleTest" duration-ms="52" started-at="2019-12-29T12:40:30Z" finished-at="2019-12-29T12:40:30Z">
          <exception class="java.lang.AssertionError">
            <message>
              <![CDATA[expected [CRMPRO  - CRM software for customer relationship management, sales, and support.] but found [CRMPRO - CRM software for customer relationship management, sales, and support.]]]>
            </message>
            <full-stacktrace>
              <![CDATA[java.lang.AssertionError: expected [CRMPRO  - CRM software for customer relationship management, sales, and support.] but found [CRMPRO - CRM software for customer relationship management, sales, and support.]
	at org.testng.Assert.fail(Assert.java:93)
	at org.testng.Assert.failNotEquals(Assert.java:512)
	at org.testng.Assert.assertEqualsImpl(Assert.java:134)
	at org.testng.Assert.assertEquals(Assert.java:115)
	at org.testng.Assert.assertEquals(Assert.java:189)
	at org.testng.Assert.assertEquals(Assert.java:199)
	at com.myprjct.qa.testcases.LoginpageTest.loginPageTitleTest(LoginpageTest.java:32)
	at sun.reflect.NativeMethodAccessorImpl.invoke0(Native Method)
	at sun.reflect.NativeMethodAccessorImpl.invoke(NativeMethodAccessorImpl.java:62)
	at sun.reflect.DelegatingMethodAccessorImpl.invoke(DelegatingMethodAccessorImpl.java:43)
	at java.lang.reflect.Method.invoke(Method.java:483)
	at org.testng.internal.MethodInvocationHelper.invokeMethod(MethodInvocationHelper.java:108)
	at org.testng.internal.Invoker.invokeMethod(Invoker.java:661)
	at org.testng.internal.Invoker.invokeTestMethod(Invoker.java:869)
	at org.testng.internal.Invoker.invokeTestMethods(Invoker.java:1193)
	at org.testng.internal.TestMethodWorker.invokeTestMethods(TestMethodWorker.java:126)
	at org.testng.internal.TestMethodWorker.run(TestMethodWorker.java:109)
	at org.testng.TestRunner.privateRun(TestRunner.java:744)
	at org.testng.TestRunner.run(TestRunner.java:602)
	at org.testng.SuiteRunner.runTest(SuiteRunner.java:380)
	at org.testng.SuiteRunner.runSequentially(SuiteRunner.java:375)
	at org.testng.SuiteRunner.privateRun(SuiteRunner.java:340)
	at org.testng.SuiteRunner.run(SuiteRunner.java:289)
	at org.testng.SuiteRunnerWorker.runSuite(SuiteRunnerWorker.java:52)
	at org.testng.SuiteRunnerWorker.run(SuiteRunnerWorker.java:86)
	at org.testng.TestNG.runSuitesSequentially(TestNG.java:1301)
	at org.testng.TestNG.runSuitesLocally(TestNG.java:1226)
	at org.testng.TestNG.runSuites(TestNG.java:1144)
	at org.testng.TestNG.run(TestNG.java:1115)
	at org.testng.remote.AbstractRemoteTestNG.run(AbstractRemoteTestNG.java:126)
	at org.testng.remote.RemoteTestNG.initAndRun(RemoteTestNG.java:152)
	at org.testng.remote.RemoteTestNG.main(RemoteTestNG.java:57)
]]>
            </full-stacktrace>
          </exception> <!-- java.lang.AssertionError -->
          <reporter-output>
          </reporter-output>
        </test-method> <!-- loginPageTitleTest -->
        <test-method status="PASS" signature="tearDown()[pri:0, instance:com.myprjct.qa.testcases.LoginpageTest@42d80b78]" name="tearDown" is-config="true" duration-ms="813" started-at="2019-12-29T12:40:30Z" finished-at="2019-12-29T12:40:31Z">
          <reporter-output>
          </reporter-output>
        </test-method> <!-- tearDown -->
        <test-method status="PASS" signature="setup()[pri:0, instance:com.myprjct.qa.testcases.LoginpageTest@42d80b78]" name="setup" is-config="true" duration-ms="15041" started-at="2019-12-29T12:40:31Z" finished-at="2019-12-29T12:40:46Z">
          <reporter-output>
          </reporter-output>
        </test-method> <!-- setup -->
        <test-method status="PASS" signature="crmlogImgTest()[pri:2, instance:com.myprjct.qa.testcases.LoginpageTest@42d80b78]" name="crmlogImgTest" duration-ms="479" started-at="2019-12-29T12:40:46Z" finished-at="2019-12-29T12:40:47Z">
          <reporter-output>
          </reporter-output>
        </test-method> <!-- crmlogImgTest -->
        <test-method status="PASS" signature="tearDown()[pri:0, instance:com.myprjct.qa.testcases.LoginpageTest@42d80b78]" name="tearDown" is-config="true" duration-ms="721" started-at="2019-12-29T12:40:47Z" finished-at="2019-12-29T12:40:48Z">
          <reporter-output>
          </reporter-output>
        </test-method> <!-- tearDown -->
        <test-method status="PASS" signature="setup()[pri:0, instance:com.myprjct.qa.testcases.LoginpageTest@42d80b78]" name="setup" is-config="true" duration-ms="15940" started-at="2019-12-29T12:40:48Z" finished-at="2019-12-29T12:41:03Z">
          <reporter-output>
          </reporter-output>
        </test-method> <!-- setup -->
        <test-method status="PASS" signature="loginTest()[pri:3, instance:com.myprjct.qa.testcases.LoginpageTest@42d80b78]" name="loginTest" duration-ms="866" started-at="2019-12-29T12:41:03Z" finished-at="2019-12-29T12:41:04Z">
          <reporter-output>
          </reporter-output>
        </test-method> <!-- loginTest -->
        <test-method status="PASS" signature="tearDown()[pri:0, instance:com.myprjct.qa.testcases.LoginpageTest@42d80b78]" name="tearDown" is-config="true" duration-ms="707" started-at="2019-12-29T12:41:04Z" finished-at="2019-12-29T12:41:05Z">
          <reporter-output>
          </reporter-output>
        </test-method> <!-- tearDown -->
      </class> <!-- com.myprjct.qa.testcases.LoginpageTest -->
    </test> <!-- Default test -->
  </suite> <!-- Default suite -->
</testng-results>
